[debug] [2018-12-12T09:36:50.664Z] ----------------------------------------------------------------------
[debug] [2018-12-12T09:36:50.670Z] Command:       C:\Program Files\nodejs\node.exe C:\Users\Administrator\AppData\Roaming\npm\node_modules\firebase-tools\bin\firebase deploy
[debug] [2018-12-12T09:36:50.670Z] CLI Version:   4.2.1
[debug] [2018-12-12T09:36:50.670Z] Platform:      win32
[debug] [2018-12-12T09:36:50.670Z] Node Version:  v8.12.0
[debug] [2018-12-12T09:36:50.672Z] Time:          Wed Dec 12 2018 18:36:50 GMT+0900 (대한민국 표준시)
[debug] [2018-12-12T09:36:50.672Z] ----------------------------------------------------------------------
[debug] 
[debug] [2018-12-12T09:36:50.696Z] > command requires scopes: ["email","openid","https://www.googleapis.com/auth/cloudplatformprojects.readonly","https://www.googleapis.com/auth/firebase","https://www.googleapis.com/auth/cloud-platform"]
[debug] [2018-12-12T09:36:50.698Z] > authorizing via signed-in user
[debug] [2018-12-12T09:36:50.703Z] >>> HTTP REQUEST GET https://admin.firebase.com/v1/projects/potfolio-pp23  
 
[debug] [2018-12-12T09:36:51.825Z] <<< HTTP RESPONSE 200
[info] 
[info] === Deploying to 'potfolio-pp23'...
[info] 
[info] i  deploying database, hosting
[info] i  database: checking rules syntax...
[debug] [2018-12-12T09:36:51.897Z] >>> HTTP REQUEST PUT https://potfolio-pp23.firebaseio.com/.settings/rules.json?dryRun=true  
 {
  /* Visit https://firebase.google.com/docs/database/security to learn more about security rules. */
  "rules": {
    ".read": false,
    ".write": false
  }
}
[debug] [2018-12-12T09:36:53.028Z] <<< HTTP RESPONSE 200
[info] +  database: rules syntax for database potfolio-pp23 is valid
[debug] [2018-12-12T09:36:53.097Z] >>> HTTP REQUEST POST https://firebasehosting.googleapis.com/v1beta1/sites/potfolio-pp23/versions  

