[debug] [2018-12-18T00:43:24.477Z] ----------------------------------------------------------------------
[debug] [2018-12-18T00:43:24.477Z] Command:       C:\Program Files\nodejs\node.exe C:\Users\Administrator\AppData\Roaming\npm\node_modules\firebase-tools\bin\firebase serve
[debug] [2018-12-18T00:43:24.477Z] CLI Version:   4.2.1
[debug] [2018-12-18T00:43:24.477Z] Platform:      win32
[debug] [2018-12-18T00:43:24.477Z] Node Version:  v8.12.0
[debug] [2018-12-18T00:43:24.477Z] Time:          Tue Dec 18 2018 09:43:24 GMT+0900 (대한민국 표준시)
[debug] [2018-12-18T00:43:24.477Z] ----------------------------------------------------------------------
[debug] 
[debug] [2018-12-18T00:43:24.493Z] > command requires scopes: ["email","openid","https://www.googleapis.com/auth/cloudplatformprojects.readonly","https://www.googleapis.com/auth/firebase","https://www.googleapis.com/auth/cloud-platform"]
[debug] [2018-12-18T00:43:24.493Z] > authorizing via signed-in user
[debug] [2018-12-18T00:43:24.508Z] > refreshing access token with scopes: ["email","https://www.googleapis.com/auth/cloud-platform","https://www.googleapis.com/auth/cloudplatformprojects.readonly","https://www.googleapis.com/auth/firebase","openid"]
[debug] [2018-12-18T00:43:24.508Z] >>> HTTP REQUEST POST https://www.googleapis.com/oauth2/v3/token  

[debug] [2018-12-18T00:43:24.856Z] <<< HTTP RESPONSE 200
[debug] [2018-12-18T00:43:24.856Z] >>> HTTP REQUEST GET https://admin.firebase.com/v1/projects/potfolio-pp23  
 
[debug] [2018-12-18T00:43:25.855Z] <<< HTTP RESPONSE 200
[debug] [2018-12-18T00:43:25.855Z] >>> HTTP REQUEST GET https://cloudresourcemanager.googleapis.com/v1/projects/potfolio-pp23  
 
[debug] [2018-12-18T00:43:27.124Z] <<< HTTP RESPONSE 200
[info] 
[info] === Serving from 'D:\fbroot\포폴_js\ex05'...
[info] 
[debug] [2018-12-18T00:43:27.124Z] >>> HTTP REQUEST GET https://mobilesdk-pa.googleapis.com/v1/projects/90937365158/clients/_:getWebAppConfig  
 
[debug] [2018-12-18T00:43:27.861Z] <<< HTTP RESPONSE 200
[info] i  hosting[potfolio-pp23]: Serving hosting files from: public
[info] +  hosting[potfolio-pp23]: Local server: http://localhost:5000
[debug] [2018-12-18T00:44:44.111Z] ----------------------------------------------------------------------
[debug] [2018-12-18T00:44:44.111Z] Command:       C:\Program Files\nodejs\node.exe C:\Users\Administrator\AppData\Roaming\npm\node_modules\firebase-tools\bin\firebase serve
[debug] [2018-12-18T00:44:44.111Z] CLI Version:   4.2.1
[debug] [2018-12-18T00:44:44.111Z] Platform:      win32
[debug] [2018-12-18T00:44:44.111Z] Node Version:  v8.12.0
[debug] [2018-12-18T00:44:44.111Z] Time:          Tue Dec 18 2018 09:44:44 GMT+0900 (대한민국 표준시)
[debug] [2018-12-18T00:44:44.111Z] ----------------------------------------------------------------------
[debug] 
[debug] [2018-12-18T00:44:44.126Z] > command requires scopes: ["email","openid","https://www.googleapis.com/auth/cloudplatformprojects.readonly","https://www.googleapis.com/auth/firebase","https://www.googleapis.com/auth/cloud-platform"]
[debug] [2018-12-18T00:44:44.126Z] > authorizing via signed-in user
[debug] [2018-12-18T00:44:44.143Z] >>> HTTP REQUEST GET https://admin.firebase.com/v1/projects/potfolio-pp23  
 
[debug] [2018-12-18T00:44:45.059Z] <<< HTTP RESPONSE 200
[debug] [2018-12-18T00:44:45.074Z] >>> HTTP REQUEST GET https://cloudresourcemanager.googleapis.com/v1/projects/potfolio-pp23  
 
[debug] [2018-12-18T00:44:46.280Z] <<< HTTP RESPONSE 200
[info] 
[info] === Serving from 'D:\fbroot\포폴_js\ex05'...
[info] 
[debug] [2018-12-18T00:44:46.295Z] >>> HTTP REQUEST GET https://mobilesdk-pa.googleapis.com/v1/projects/90937365158/clients/_:getWebAppConfig  
 
[debug] [2018-12-18T00:44:47.132Z] <<< HTTP RESPONSE 200
[info] i  hosting[potfolio-pp23]: Serving hosting files from: public
[info] +  hosting[potfolio-pp23]: Local server: http://localhost:5000
